
[2020-05-06 13:49:18]: The record for affiliate link #20566 cannot be created. The ThirstyAffiliates area on the htaccess file doesn't exist.
[2020-05-06 13:49:30]: The record for affiliate link #20566 cannot be created. The ThirstyAffiliates area on the htaccess file doesn't exist.
[2020-05-06 13:49:47]: The record for affiliate link #20566 cannot be created. The ThirstyAffiliates area on the htaccess file doesn't exist.
[2020-05-06 13:53:32]: The record for affiliate link #20343 cannot be created. Affiliate links with geolocation / scheduler data are skipped.
[2020-05-06 13:54:49]: The record for affiliate link #20343 cannot be created. The ThirstyAffiliates area on the htaccess file doesn't exist.
[2020-05-07 17:17:56]: The record for affiliate link #20620 cannot be created. The ThirstyAffiliates area on the htaccess file doesn't exist.
[2020-05-07 17:18:09]: The record for affiliate link #20620 cannot be created. The ThirstyAffiliates area on the htaccess file doesn't exist.
[2020-05-07 17:18:16]: The record for affiliate link #20620 cannot be created. The ThirstyAffiliates area on the htaccess file doesn't exist.
[2020-05-07 17:20:54]: The record for affiliate link #20620 cannot be created. The ThirstyAffiliates area on the htaccess file doesn't exist.
[2020-05-07 18:31:24]: The record for affiliate link #12416 cannot be created. The ThirstyAffiliates area on the htaccess file doesn't exist.
[2020-05-07 18:32:08]: The record for affiliate link #12416 cannot be created. The ThirstyAffiliates area on the htaccess file doesn't exist.
[2020-05-10 12:30:52]: The record for affiliate link #21448 cannot be created. The ThirstyAffiliates area on the htaccess file doesn't exist.
[2020-05-10 12:31:31]: The record for affiliate link #21448 cannot be created. The ThirstyAffiliates area on the htaccess file doesn't exist.
[2020-05-14 08:34:29]: The record for affiliate link #21448 cannot be created. The ThirstyAffiliates area on the htaccess file doesn't exist.
[2020-05-14 08:35:15]: The record for affiliate link #20551 cannot be created. The ThirstyAffiliates area on the htaccess file doesn't exist.
[2020-05-14 08:35:42]: The record for affiliate link #20566 cannot be created. The ThirstyAffiliates area on the htaccess file doesn't exist.
[2020-05-14 08:37:14]: The record for affiliate link #12418 cannot be created. The ThirstyAffiliates area on the htaccess file doesn't exist.
[2020-05-18 23:23:25]: The record for affiliate link #12416 cannot be created. The ThirstyAffiliates area on the htaccess file doesn't exist.
[2020-05-20 11:53:56]: The record for affiliate link #23457 cannot be created. The ThirstyAffiliates area on the htaccess file doesn't exist.
[2020-05-20 11:54:10]: The record for affiliate link #23457 cannot be created. The ThirstyAffiliates area on the htaccess file doesn't exist.
[2020-05-20 11:55:51]: The record for affiliate link #23457 cannot be created. The ThirstyAffiliates area on the htaccess file doesn't exist.
[2020-05-20 11:58:31]: The record for affiliate link #23457 cannot be created. The ThirstyAffiliates area on the htaccess file doesn't exist.
[2020-05-20 12:03:43]: The record for affiliate link #23457 cannot be created. The ThirstyAffiliates area on the htaccess file doesn't exist.
[2020-05-20 12:04:37]: The record for affiliate link #23457 cannot be created. The ThirstyAffiliates area on the htaccess file doesn't exist.
[2020-05-20 12:20:14]: The record for affiliate link #23457 cannot be created. The ThirstyAffiliates area on the htaccess file doesn't exist.
[2020-05-20 12:30:49]: The record for affiliate link #23457 cannot be created. The ThirstyAffiliates area on the htaccess file doesn't exist.
[2020-05-20 12:31:13]: The record for affiliate link #23457 cannot be created. The ThirstyAffiliates area on the htaccess file doesn't exist.
[2020-05-20 12:31:35]: The record for affiliate link #23457 cannot be created. The ThirstyAffiliates area on the htaccess file doesn't exist.
[2020-05-20 12:33:50]: The record for affiliate link #23457 cannot be created. The ThirstyAffiliates area on the htaccess file doesn't exist.
[2020-05-20 12:34:00]: The record for affiliate link #23457 cannot be created. The ThirstyAffiliates area on the htaccess file doesn't exist.
[2020-05-20 12:34:23]: The record for affiliate link #23457 cannot be created. The ThirstyAffiliates area on the htaccess file doesn't exist.
[2020-05-20 12:57:14]: The record for affiliate link #23459 cannot be created. The ThirstyAffiliates area on the htaccess file doesn't exist.
[2020-05-20 12:57:29]: The record for affiliate link #23459 cannot be created. The ThirstyAffiliates area on the htaccess file doesn't exist.
[2020-05-20 13:15:48]: The record for affiliate link #23461 cannot be created. The ThirstyAffiliates area on the htaccess file doesn't exist.
[2020-05-20 13:16:10]: The record for affiliate link #23461 cannot be created. The ThirstyAffiliates area on the htaccess file doesn't exist.
[2020-05-20 13:19:03]: The record for affiliate link #23461 cannot be created. The ThirstyAffiliates area on the htaccess file doesn't exist.
[2020-05-20 13:19:43]: The record for affiliate link #23461 cannot be created. The ThirstyAffiliates area on the htaccess file doesn't exist.
[2020-05-20 14:02:54]: The record for affiliate link #23457 cannot be created. The ThirstyAffiliates area on the htaccess file doesn't exist.
[2020-05-20 14:03:15]: The record for affiliate link #23459 cannot be created. The ThirstyAffiliates area on the htaccess file doesn't exist.
[2020-05-20 14:04:55]: The record for affiliate link #23464 cannot be created. The ThirstyAffiliates area on the htaccess file doesn't exist.
[2020-05-20 14:05:41]: The record for affiliate link #23464 cannot be created. The ThirstyAffiliates area on the htaccess file doesn't exist.
[2020-05-21 13:22:49]: The record for affiliate link #23457 cannot be created. The ThirstyAffiliates area on the htaccess file doesn't exist.
[2020-05-21 13:35:15]: The record for affiliate link #23470 cannot be created. The ThirstyAffiliates area on the htaccess file doesn't exist.
[2020-05-21 13:35:35]: The record for affiliate link #23470 cannot be created. The ThirstyAffiliates area on the htaccess file doesn't exist.
[2020-05-21 13:36:59]: The record for affiliate link #23470 cannot be created. The ThirstyAffiliates area on the htaccess file doesn't exist.
[2020-05-21 13:37:11]: The record for affiliate link #23470 cannot be created. The ThirstyAffiliates area on the htaccess file doesn't exist.
[2020-05-21 14:03:14]: The record for affiliate link #23461 cannot be created. The ThirstyAffiliates area on the htaccess file doesn't exist.
[2020-05-24 10:19:34]: The record for affiliate link #12417 cannot be created. Affiliate links with geolocation / scheduler data are skipped.
[2020-05-24 10:21:26]: The record for affiliate link #12417 cannot be created. Affiliate links with geolocation / scheduler data are skipped.
[2020-05-24 10:26:29]: The record for affiliate link #12417 cannot be created. Affiliate links with geolocation / scheduler data are skipped.
[2020-05-24 10:37:22]: The record for affiliate link #20350 cannot be created. The ThirstyAffiliates area on the htaccess file doesn't exist.
[2020-05-24 10:37:31]: The record for affiliate link #20348 cannot be created. The ThirstyAffiliates area on the htaccess file doesn't exist.
[2020-05-24 10:38:03]: The record for affiliate link #20349 cannot be created. The ThirstyAffiliates area on the htaccess file doesn't exist.
[2020-05-27 13:53:27]: The record for affiliate link #12417 cannot be created. Affiliate links with geolocation / scheduler data are skipped.
[2020-05-27 14:00:30]: The record for affiliate link #12417 cannot be created. Affiliate links with geolocation / scheduler data are skipped.
[2020-05-27 17:14:07]: The record for affiliate link #12418 cannot be created. The ThirstyAffiliates area on the htaccess file doesn't exist.
[2020-05-30 16:05:47]: The record for affiliate link #20342 cannot be created. The ThirstyAffiliates area on the htaccess file doesn't exist.
[2020-05-30 16:06:00]: The record for affiliate link #12416 cannot be created. The ThirstyAffiliates area on the htaccess file doesn't exist.
[2020-05-30 16:33:24]: The record for affiliate link #12416 cannot be created. The ThirstyAffiliates area on the htaccess file doesn't exist.
[2020-05-30 16:34:12]: The record for affiliate link #20342 cannot be created. The ThirstyAffiliates area on the htaccess file doesn't exist.
[2020-06-02 22:15:14]: The record for affiliate link #12416 cannot be created. The ThirstyAffiliates area on the htaccess file doesn't exist.
[2020-06-03 00:47:16]: The record for affiliate link #12416 cannot be created. The ThirstyAffiliates area on the htaccess file doesn't exist.
[2020-06-03 10:59:38]: The record for affiliate link #12416 cannot be created. The ThirstyAffiliates area on the htaccess file doesn't exist.
[2020-06-03 11:01:42]: The record for affiliate link #12416 cannot be created. The ThirstyAffiliates area on the htaccess file doesn't exist.
[2020-06-10 18:21:30]: The record for affiliate link #24093 cannot be created. The ThirstyAffiliates area on the htaccess file doesn't exist.
[2020-06-11 21:15:07]: The record for affiliate link #24105 cannot be created. The ThirstyAffiliates area on the htaccess file doesn't exist.
[2020-06-11 21:15:26]: The record for affiliate link #24105 cannot be created. The ThirstyAffiliates area on the htaccess file doesn't exist.
[2020-06-12 16:11:09]: The record for affiliate link #20350 cannot be created. The ThirstyAffiliates area on the htaccess file doesn't exist.
[2020-06-27 11:57:25]: The record for affiliate link #24319 cannot be created. The ThirstyAffiliates area on the htaccess file doesn't exist.
[2020-06-27 11:57:51]: The record for affiliate link #24319 cannot be created. The ThirstyAffiliates area on the htaccess file doesn't exist.
[2020-06-28 12:25:45]: The record for affiliate link #24319 cannot be created. The ThirstyAffiliates area on the htaccess file doesn't exist.
[2020-07-02 17:19:38]: The record for affiliate link #12418 cannot be created. The ThirstyAffiliates area on the htaccess file doesn't exist.
[2020-07-02 17:21:37]: The record for affiliate link #24319 cannot be created. The ThirstyAffiliates area on the htaccess file doesn't exist.
[2020-07-02 19:32:52]: The record for affiliate link #20350 cannot be created. The ThirstyAffiliates area on the htaccess file doesn't exist.
[2020-07-02 19:33:07]: The record for affiliate link #20348 cannot be created. The ThirstyAffiliates area on the htaccess file doesn't exist.
[2020-07-02 19:39:10]: The record for affiliate link #20350 cannot be created. The ThirstyAffiliates area on the htaccess file doesn't exist.
[2020-07-02 19:39:50]: The record for affiliate link #20348 cannot be created. The ThirstyAffiliates area on the htaccess file doesn't exist.
[2020-07-02 19:43:42]: The record for affiliate link #20348 cannot be created. The ThirstyAffiliates area on the htaccess file doesn't exist.
[2020-07-02 19:51:07]: The record for affiliate link #20349 cannot be created. The ThirstyAffiliates area on the htaccess file doesn't exist.
[2020-07-06 08:05:51]: The record for affiliate link #24514 cannot be created. The ThirstyAffiliates area on the htaccess file doesn't exist.
[2020-07-06 08:06:37]: The record for affiliate link #24514 cannot be created. The ThirstyAffiliates area on the htaccess file doesn't exist.
[2020-07-06 08:07:46]: The record for affiliate link #24515 cannot be created. The ThirstyAffiliates area on the htaccess file doesn't exist.
[2020-07-06 08:08:14]: The record for affiliate link #24515 cannot be created. The ThirstyAffiliates area on the htaccess file doesn't exist.
[2020-07-08 18:32:31]: The record for affiliate link #24105 cannot be created. The ThirstyAffiliates area on the htaccess file doesn't exist.
[2020-07-08 18:33:04]: The record for affiliate link #24560 cannot be created. The ThirstyAffiliates area on the htaccess file doesn't exist.
[2020-07-09 10:14:58]: The record for affiliate link #24319 cannot be created. The ThirstyAffiliates area on the htaccess file doesn't exist.
[2020-07-26 20:31:48]: ========== START: Adding all affiliate links to htacess (triggered on module activation) ==========
[2020-07-26 20:31:48]: Created record for affiliate link #24560 on the htaccess file.
[2020-07-26 20:31:48]: Created record for affiliate link #24515 on the htaccess file.
[2020-07-26 20:31:48]: Created record for affiliate link #24514 on the htaccess file.
[2020-07-26 20:31:48]: Created record for affiliate link #24319 on the htaccess file.
[2020-07-26 20:31:48]: Created record for affiliate link #24105 on the htaccess file.
[2020-07-26 20:31:48]: Created record for affiliate link #24093 on the htaccess file.
[2020-07-26 20:31:48]: Created record for affiliate link #23470 on the htaccess file.
[2020-07-26 20:31:48]: Created record for affiliate link #23464 on the htaccess file.
[2020-07-26 20:31:48]: Created record for affiliate link #23461 on the htaccess file.
[2020-07-26 20:31:48]: Created record for affiliate link #23459 on the htaccess file.
[2020-07-26 20:31:48]: Created record for affiliate link #23457 on the htaccess file.
[2020-07-26 20:31:48]: Created record for affiliate link #22347 on the htaccess file.
[2020-07-26 20:31:48]: Created record for affiliate link #22346 on the htaccess file.
[2020-07-26 20:31:48]: Created record for affiliate link #21448 on the htaccess file.
[2020-07-26 20:31:48]: Created record for affiliate link #20620 on the htaccess file.
[2020-07-26 20:31:48]: Created record for affiliate link #20566 on the htaccess file.
[2020-07-26 20:31:48]: Created record for affiliate link #20551 on the htaccess file.
[2020-07-26 20:31:48]: Created record for affiliate link #20454 on the htaccess file.
[2020-07-26 20:31:48]: Created record for affiliate link #20351 on the htaccess file.
[2020-07-26 20:31:48]: Created record for affiliate link #20350 on the htaccess file.
[2020-07-26 20:31:48]: Created record for affiliate link #20349 on the htaccess file.
[2020-07-26 20:31:48]: Created record for affiliate link #20348 on the htaccess file.
[2020-07-26 20:31:48]: Created record for affiliate link #20343 on the htaccess file.
[2020-07-26 20:31:48]: Created record for affiliate link #20342 on the htaccess file.
[2020-07-26 20:31:48]: Created record for affiliate link #20341 on the htaccess file.
[2020-07-26 20:31:48]: Created record for affiliate link #12418 on the htaccess file.
[2020-07-26 20:31:48]: The record for affiliate link #12417 cannot be created. Affiliate links with geolocation / scheduler data are skipped.
[2020-07-26 20:31:48]: Created record for affiliate link #12416 on the htaccess file.
[2020-07-26 20:31:48]: ========== END: Adding all affiliate links to htacess (triggered on module activation) ==========


[2020-07-28 10:29:08]: Deleted record for affiliate link #24319 on the htaccess file.
[2020-07-28 10:29:11]: Created record for affiliate link #24319 on the htaccess file.
[2020-07-28 17:33:41]: Deleted record for affiliate link #12416 on the htaccess file.
[2020-07-28 17:33:44]: Created record for affiliate link #12416 on the htaccess file.
[2020-08-19 12:07:26]: Created record for affiliate link #25090 on the htaccess file.
[2020-08-19 12:08:06]: Deleted record for affiliate link #25090 on the htaccess file.
[2020-08-19 12:08:09]: Created record for affiliate link #25090 on the htaccess file.
[2020-08-31 17:31:48]: The record for affiliate link #12417 cannot be created. Affiliate links with geolocation / scheduler data are skipped.
[2020-09-03 15:51:49]: Created record for affiliate link #25193 on the htaccess file.
[2020-09-03 15:52:17]: Deleted record for affiliate link #25193 on the htaccess file.
[2020-09-03 15:52:18]: Created record for affiliate link #25193 on the htaccess file.
[2020-09-03 16:36:25]: Created record for affiliate link #25199 on the htaccess file.
[2020-09-03 16:36:52]: Deleted record for affiliate link #25199 on the htaccess file.
[2020-09-03 16:36:53]: Created record for affiliate link #25199 on the htaccess file.
[2020-09-13 11:56:31]: ========== START: Adding all affiliate links to htacess (triggered on module activation) ==========
[2020-09-13 11:56:31]: The record for affiliate link #25199 cannot be created. Affiliate links with geolocation / scheduler data are skipped.
[2020-09-13 11:56:31]: The record for affiliate link #25193 cannot be created. Affiliate links with geolocation / scheduler data are skipped.
[2020-09-13 11:56:31]: The record for affiliate link #25090 cannot be created. Affiliate links with geolocation / scheduler data are skipped.
[2020-09-13 11:56:31]: The record for affiliate link #24560 cannot be created. Affiliate links with geolocation / scheduler data are skipped.
[2020-09-13 11:56:31]: The record for affiliate link #24515 cannot be created. Affiliate links with geolocation / scheduler data are skipped.
[2020-09-13 11:56:31]: The record for affiliate link #24514 cannot be created. Affiliate links with geolocation / scheduler data are skipped.
[2020-09-13 11:56:31]: The record for affiliate link #24319 cannot be created. Affiliate links with geolocation / scheduler data are skipped.
[2020-09-13 11:56:31]: The record for affiliate link #24105 cannot be created. Affiliate links with geolocation / scheduler data are skipped.
[2020-09-13 11:56:31]: The record for affiliate link #24093 cannot be created. Affiliate links with geolocation / scheduler data are skipped.
[2020-09-13 11:56:31]: The record for affiliate link #23470 cannot be created. Affiliate links with geolocation / scheduler data are skipped.
[2020-09-13 11:56:31]: The record for affiliate link #23464 cannot be created. Affiliate links with geolocation / scheduler data are skipped.
[2020-09-13 11:56:31]: The record for affiliate link #23461 cannot be created. Affiliate links with geolocation / scheduler data are skipped.
[2020-09-13 11:56:31]: The record for affiliate link #23459 cannot be created. Affiliate links with geolocation / scheduler data are skipped.
[2020-09-13 11:56:31]: The record for affiliate link #23457 cannot be created. Affiliate links with geolocation / scheduler data are skipped.
[2020-09-13 11:56:31]: The record for affiliate link #22347 cannot be created. Affiliate links with geolocation / scheduler data are skipped.
[2020-09-13 11:56:31]: The record for affiliate link #22346 cannot be created. Affiliate links with geolocation / scheduler data are skipped.
[2020-09-13 11:56:31]: The record for affiliate link #21448 cannot be created. Affiliate links with geolocation / scheduler data are skipped.
[2020-09-13 11:56:31]: The record for affiliate link #20620 cannot be created. Affiliate links with geolocation / scheduler data are skipped.
[2020-09-13 11:56:31]: The record for affiliate link #20566 cannot be created. Affiliate links with geolocation / scheduler data are skipped.
[2020-09-13 11:56:31]: The record for affiliate link #20551 cannot be created. Affiliate links with geolocation / scheduler data are skipped.
[2020-09-13 11:56:31]: The record for affiliate link #20454 cannot be created. Affiliate links with geolocation / scheduler data are skipped.
[2020-09-13 11:56:31]: The record for affiliate link #20351 cannot be created. Affiliate links with geolocation / scheduler data are skipped.
[2020-09-13 11:56:31]: The record for affiliate link #20350 cannot be created. Affiliate links with geolocation / scheduler data are skipped.
[2020-09-13 11:56:31]: The record for affiliate link #20349 cannot be created. Affiliate links with geolocation / scheduler data are skipped.
[2020-09-13 11:56:31]: The record for affiliate link #20348 cannot be created. Affiliate links with geolocation / scheduler data are skipped.
[2020-09-13 11:56:31]: The record for affiliate link #20343 cannot be created. Affiliate links with geolocation / scheduler data are skipped.
[2020-09-13 11:56:31]: The record for affiliate link #20342 cannot be created. Affiliate links with geolocation / scheduler data are skipped.
[2020-09-13 11:56:31]: The record for affiliate link #20341 cannot be created. Affiliate links with geolocation / scheduler data are skipped.
[2020-09-13 11:56:31]: The record for affiliate link #12418 cannot be created. Affiliate links with geolocation / scheduler data are skipped.
[2020-09-13 11:56:31]: The record for affiliate link #12417 cannot be created. Affiliate links with geolocation / scheduler data are skipped.
[2020-09-13 11:56:31]: The record for affiliate link #12416 cannot be created. Affiliate links with geolocation / scheduler data are skipped.
[2020-09-13 11:56:31]: ========== END: Adding all affiliate links to htacess (triggered on module activation) ==========


[2020-09-13 11:57:46]: ========== START: Adding all affiliate links to htacess (triggered on module activation) ==========
[2020-09-13 11:57:46]: Created record for affiliate link #25199 on the htaccess file.
[2020-09-13 11:57:46]: Created record for affiliate link #25193 on the htaccess file.
[2020-09-13 11:57:46]: Created record for affiliate link #25090 on the htaccess file.
[2020-09-13 11:57:46]: Created record for affiliate link #24560 on the htaccess file.
[2020-09-13 11:57:46]: Created record for affiliate link #24515 on the htaccess file.
[2020-09-13 11:57:46]: Created record for affiliate link #24514 on the htaccess file.
[2020-09-13 11:57:46]: Created record for affiliate link #24319 on the htaccess file.
[2020-09-13 11:57:46]: Created record for affiliate link #24105 on the htaccess file.
[2020-09-13 11:57:46]: Created record for affiliate link #24093 on the htaccess file.
[2020-09-13 11:57:46]: Created record for affiliate link #23470 on the htaccess file.
[2020-09-13 11:57:46]: Created record for affiliate link #23464 on the htaccess file.
[2020-09-13 11:57:46]: Created record for affiliate link #23461 on the htaccess file.
[2020-09-13 11:57:46]: Created record for affiliate link #23459 on the htaccess file.
[2020-09-13 11:57:46]: Created record for affiliate link #23457 on the htaccess file.
[2020-09-13 11:57:46]: Created record for affiliate link #22347 on the htaccess file.
[2020-09-13 11:57:46]: Created record for affiliate link #22346 on the htaccess file.
[2020-09-13 11:57:46]: Created record for affiliate link #21448 on the htaccess file.
[2020-09-13 11:57:46]: Created record for affiliate link #20620 on the htaccess file.
[2020-09-13 11:57:46]: Created record for affiliate link #20566 on the htaccess file.
[2020-09-13 11:57:46]: Created record for affiliate link #20551 on the htaccess file.
[2020-09-13 11:57:46]: Created record for affiliate link #20454 on the htaccess file.
[2020-09-13 11:57:46]: Created record for affiliate link #20351 on the htaccess file.
[2020-09-13 11:57:46]: Created record for affiliate link #20350 on the htaccess file.
[2020-09-13 11:57:46]: Created record for affiliate link #20349 on the htaccess file.
[2020-09-13 11:57:46]: Created record for affiliate link #20348 on the htaccess file.
[2020-09-13 11:57:46]: Created record for affiliate link #20343 on the htaccess file.
[2020-09-13 11:57:46]: Created record for affiliate link #20342 on the htaccess file.
[2020-09-13 11:57:46]: Created record for affiliate link #20341 on the htaccess file.
[2020-09-13 11:57:46]: Created record for affiliate link #12418 on the htaccess file.
[2020-09-13 11:57:46]: The record for affiliate link #12417 cannot be created. Affiliate links with geolocation / scheduler data are skipped.
[2020-09-13 11:57:46]: Created record for affiliate link #12416 on the htaccess file.
[2020-09-13 11:57:46]: ========== END: Adding all affiliate links to htacess (triggered on module activation) ==========


[2020-09-13 14:16:22]: Created record for affiliate link #24319 on the htaccess file.
[2020-09-13 14:16:33]: Created record for affiliate link #12416 on the htaccess file.
[2020-09-14 08:08:00]: Created record for affiliate link #20343 on the htaccess file.
[2020-11-27 10:44:07]: Created record for affiliate link #12418 on the htaccess file.
[2020-11-27 10:45:26]: Created record for affiliate link #24514 on the htaccess file.
[2020-11-27 10:45:40]: Created record for affiliate link #24515 on the htaccess file.
[2020-11-27 10:48:18]: Created record for affiliate link #20351 on the htaccess file.
[2020-12-03 17:25:40]: Created record for affiliate link #23470 on the htaccess file.
[2020-12-04 16:45:56]: Deleted record for affiliate link #12416 on the htaccess file.
[2020-12-04 16:45:58]: Created record for affiliate link #12416 on the htaccess file.
[2020-12-10 18:27:57]: Created record for affiliate link #12417 on the htaccess file.
[2020-12-28 17:05:46]: Deleted record for affiliate link #12417 on the htaccess file.
[2020-12-28 17:05:47]: Created record for affiliate link #12417 on the htaccess file.
[2021-01-08 12:51:22]: Deleted record for affiliate link #12418 on the htaccess file.
[2021-01-08 12:51:23]: Created record for affiliate link #12418 on the htaccess file.
[2021-01-08 12:51:45]: Deleted record for affiliate link #24515 on the htaccess file.
[2021-01-08 12:51:46]: Created record for affiliate link #24515 on the htaccess file.
[2021-01-08 12:51:53]: Deleted record for affiliate link #24514 on the htaccess file.
[2021-01-08 12:51:54]: Created record for affiliate link #24514 on the htaccess file.
[2021-01-27 20:01:58]: Created record for affiliate link #20342 on the htaccess file.
[2021-01-27 20:02:17]: Created record for affiliate link #24560 on the htaccess file.
[2021-01-27 20:02:29]: Created record for affiliate link #24105 on the htaccess file.
[2021-01-28 12:20:54]: Created record for affiliate link #25090 on the htaccess file.
[2021-01-31 17:34:07]: Deleted record for affiliate link #12416 on the htaccess file.
[2021-01-31 17:34:08]: Created record for affiliate link #12416 on the htaccess file.
[2021-03-30 10:18:52]: Deleted record for affiliate link #24319 on the htaccess file.
[2021-03-30 10:18:53]: Created record for affiliate link #24319 on the htaccess file.
[2021-04-07 15:23:25]: ========== START: Adding all affiliate links to htacess (triggered on module activation) ==========
[2021-04-07 15:23:25]: Created record for affiliate link #25199 on the htaccess file.
[2021-04-07 15:23:25]: Created record for affiliate link #25090 on the htaccess file.
[2021-04-07 15:23:25]: Created record for affiliate link #24560 on the htaccess file.
[2021-04-07 15:23:25]: Created record for affiliate link #24515 on the htaccess file.
[2021-04-07 15:23:25]: Created record for affiliate link #24514 on the htaccess file.
[2021-04-07 15:23:25]: Created record for affiliate link #24319 on the htaccess file.
[2021-04-07 15:23:25]: Created record for affiliate link #24105 on the htaccess file.
[2021-04-07 15:23:25]: Created record for affiliate link #24093 on the htaccess file.
[2021-04-07 15:23:25]: Created record for affiliate link #23470 on the htaccess file.
[2021-04-07 15:23:25]: Created record for affiliate link #23464 on the htaccess file.
[2021-04-07 15:23:25]: Created record for affiliate link #23461 on the htaccess file.
[2021-04-07 15:23:25]: Created record for affiliate link #23459 on the htaccess file.
[2021-04-07 15:23:25]: Created record for affiliate link #23457 on the htaccess file.
[2021-04-07 15:23:25]: Created record for affiliate link #22347 on the htaccess file.
[2021-04-07 15:23:25]: Created record for affiliate link #22346 on the htaccess file.
[2021-04-07 15:23:25]: Created record for affiliate link #21448 on the htaccess file.
[2021-04-07 15:23:25]: Created record for affiliate link #20620 on the htaccess file.
[2021-04-07 15:23:25]: Created record for affiliate link #20454 on the htaccess file.
[2021-04-07 15:23:25]: Created record for affiliate link #20351 on the htaccess file.
[2021-04-07 15:23:25]: Created record for affiliate link #20350 on the htaccess file.
[2021-04-07 15:23:25]: Created record for affiliate link #20349 on the htaccess file.
[2021-04-07 15:23:25]: Created record for affiliate link #20348 on the htaccess file.
[2021-04-07 15:23:25]: Created record for affiliate link #20343 on the htaccess file.
[2021-04-07 15:23:25]: Created record for affiliate link #20342 on the htaccess file.
[2021-04-07 15:23:25]: Created record for affiliate link #20341 on the htaccess file.
[2021-04-07 15:23:25]: Created record for affiliate link #12418 on the htaccess file.
[2021-04-07 15:23:25]: Created record for affiliate link #12417 on the htaccess file.
[2021-04-07 15:23:25]: Created record for affiliate link #12416 on the htaccess file.
[2021-04-07 15:23:25]: ========== END: Adding all affiliate links to htacess (triggered on module activation) ==========


[2021-04-17 17:45:04]: ========== START: Adding all affiliate links to htacess (triggered on module activation) ==========
[2021-04-17 17:45:04]: Created record for affiliate link #25199 on the htaccess file.
[2021-04-17 17:45:04]: Created record for affiliate link #25090 on the htaccess file.
[2021-04-17 17:45:04]: Created record for affiliate link #24560 on the htaccess file.
[2021-04-17 17:45:04]: Created record for affiliate link #24515 on the htaccess file.
[2021-04-17 17:45:04]: Created record for affiliate link #24514 on the htaccess file.
[2021-04-17 17:45:04]: Created record for affiliate link #24319 on the htaccess file.
[2021-04-17 17:45:04]: Created record for affiliate link #24105 on the htaccess file.
[2021-04-17 17:45:04]: Created record for affiliate link #24093 on the htaccess file.
[2021-04-17 17:45:04]: Created record for affiliate link #23470 on the htaccess file.
[2021-04-17 17:45:04]: Created record for affiliate link #23464 on the htaccess file.
[2021-04-17 17:45:04]: Created record for affiliate link #23461 on the htaccess file.
[2021-04-17 17:45:04]: Created record for affiliate link #23459 on the htaccess file.
[2021-04-17 17:45:04]: Created record for affiliate link #23457 on the htaccess file.
[2021-04-17 17:45:04]: Created record for affiliate link #22347 on the htaccess file.
[2021-04-17 17:45:04]: Created record for affiliate link #22346 on the htaccess file.
[2021-04-17 17:45:04]: Created record for affiliate link #21448 on the htaccess file.
[2021-04-17 17:45:04]: Created record for affiliate link #20620 on the htaccess file.
[2021-04-17 17:45:04]: Created record for affiliate link #20454 on the htaccess file.
[2021-04-17 17:45:04]: Created record for affiliate link #20351 on the htaccess file.
[2021-04-17 17:45:04]: Created record for affiliate link #20350 on the htaccess file.
[2021-04-17 17:45:04]: Created record for affiliate link #20349 on the htaccess file.
[2021-04-17 17:45:04]: Created record for affiliate link #20348 on the htaccess file.
[2021-04-17 17:45:04]: Created record for affiliate link #20343 on the htaccess file.
[2021-04-17 17:45:04]: Created record for affiliate link #20342 on the htaccess file.
[2021-04-17 17:45:04]: Created record for affiliate link #20341 on the htaccess file.
[2021-04-17 17:45:04]: Created record for affiliate link #12418 on the htaccess file.
[2021-04-17 17:45:04]: Created record for affiliate link #12417 on the htaccess file.
[2021-04-17 17:45:04]: Created record for affiliate link #12416 on the htaccess file.
[2021-04-17 17:45:04]: ========== END: Adding all affiliate links to htacess (triggered on module activation) ==========


[2021-05-24 14:49:07]: Created record for affiliate link #12418 on the htaccess file.
[2021-05-24 14:49:15]: Created record for affiliate link #24514 on the htaccess file.
[2021-05-24 14:49:21]: Created record for affiliate link #24515 on the htaccess file.
[2021-05-28 15:39:09]: Deleted record for affiliate link #12418 on the htaccess file.
[2021-05-28 15:39:09]: Created record for affiliate link #12418 on the htaccess file.
[2021-05-28 15:39:19]: Deleted record for affiliate link #24514 on the htaccess file.
[2021-05-28 15:39:19]: Created record for affiliate link #24514 on the htaccess file.
[2021-05-28 15:39:26]: Deleted record for affiliate link #24515 on the htaccess file.
[2021-05-28 15:39:26]: Created record for affiliate link #24515 on the htaccess file.
[2021-06-03 14:07:37]: The record for affiliate link #26908 cannot be created. Affiliate links with geolocation / scheduler data are skipped.
[2021-06-19 11:49:25]: Created record for affiliate link #27049 on the htaccess file.
[2021-07-21 17:06:13]: The record for affiliate link #27130 cannot be created. The affiliate link doesn't have a valid destination URL.
[2021-07-21 17:06:14]: The record for affiliate link #27130 cannot be created. The affiliate link doesn't have a valid destination URL.
[2021-07-21 17:07:05]: Created record for affiliate link #27130 on the htaccess file.
[2021-08-04 22:03:53]: Created record for affiliate link #27169 on the htaccess file.
[2021-09-20 09:41:36]: Created record for affiliate link #20343 on the htaccess file.
[2021-09-20 09:42:10]: Created record for affiliate link #24093 on the htaccess file.
[2021-09-20 09:42:20]: Deleted record for affiliate link #24093 on the htaccess file.
[2021-09-20 09:42:20]: Created record for affiliate link #24093 on the htaccess file.
[2021-12-07 19:32:41]: Created record for affiliate link #24319 on the htaccess file.
[2021-12-07 19:34:27]: Created record for affiliate link #12417 on the htaccess file.
[2021-12-07 19:36:01]: Deleted record for affiliate link #24515 on the htaccess file.
[2021-12-07 19:36:01]: Created record for affiliate link #24515 on the htaccess file.
[2021-12-07 19:36:08]: Deleted record for affiliate link #24514 on the htaccess file.
[2021-12-07 19:36:08]: Created record for affiliate link #24514 on the htaccess file.
[2021-12-07 19:36:16]: Deleted record for affiliate link #12418 on the htaccess file.
[2021-12-07 19:36:16]: Created record for affiliate link #12418 on the htaccess file.
[2022-01-13 19:01:01]: Deleted record for affiliate link #20343 on the htaccess file.
[2022-01-13 19:01:01]: Created record for affiliate link #20343 on the htaccess file.
[2022-01-13 19:01:30]: Deleted record for affiliate link #24093 on the htaccess file.
[2022-01-13 19:01:30]: Created record for affiliate link #24093 on the htaccess file.
[2022-01-13 19:03:48]: Deleted record for affiliate link #12417 on the htaccess file.
[2022-01-13 19:03:48]: Created record for affiliate link #12417 on the htaccess file.
[2022-01-13 19:03:59]: Deleted record for affiliate link #12417 on the htaccess file.
[2022-01-13 19:03:59]: Created record for affiliate link #12417 on the htaccess file.
[2022-01-15 22:03:42]: The record for affiliate link #26908 cannot be created. Affiliate links with geolocation / scheduler data are skipped.
[2022-01-15 22:06:22]: The record for affiliate link #26908 cannot be created. Affiliate links with geolocation / scheduler data are skipped.
[2022-01-15 22:07:53]: The record for affiliate link #26908 cannot be created. Affiliate links with geolocation / scheduler data are skipped.
[2022-01-15 22:16:43]: Deleted record for affiliate link #24515 on the htaccess file.
[2022-01-18 19:15:08]: Deleted record for affiliate link #12418 on the htaccess file.
[2022-01-18 19:15:08]: Created record for affiliate link #12418 on the htaccess file.